DEBUG 2020-07-01 19:59:37,634 loader.py  load_from_module 66  [35m[35mLoading module: minium_test[0m[0m
DEBUG 2020-07-01 19:59:37,638 loader.py  load_from_module 70  [35m[35mput module[minium_test] into queue[0m[0m
INFO  2020-07-01 19:59:37,651 loader.py  main            173 [32m[32mstart session with fork mode 
{'platform': 'ide', 'app': 'wx', 'debug_mode': 'debug', 'close_ide': False, 'assert_capture': True, 'auto_relaunch': True, 'device_desire': {}, 'account_info': {}, 'report_usage': True, 'remote_connect_timeout': 180, 'request_timeout': 30, 'use_push': True, 'full_reset': False, 'outputs': None, 'enable_app_log': True, 'project_path': None, 'dev_tool_path': None, 'test_port': 9420, 'is_default_config': True}
[0m[0m
DEBUG 2020-07-01 19:59:38,209 minitest.py setUpClass      57  [35m[35m=====================[0m[0m
DEBUG 2020-07-01 19:59:38,209 minitest.py setUpClass      58  [35m[35mTesting classï¼šFirstTest[0m[0m
DEBUG 2020-07-01 19:59:38,209 minitest.py setUpClass      59  [35m[35m=====================[0m[0m
INFO  2020-07-01 19:59:38,209 wx_minium.py __init__        42  {}
INFO  2020-07-01 19:59:38,216 wx_minium.py launch_dev_tool 75  [32m[32mStarting dev tool and launch MiniProgram project ...[0m[0m
WARNI 2020-07-01 19:59:38,216 wx_minium.py launch_dev_tool 112 [33m[33mCan not find project_path in config, that means you must open dev tool by automation way first[0m[0m
INFO  2020-07-01 19:59:38,217 wx_minium.py connect_dev_tool 135 [32m[32mTrying to connect Dev tool ...[0m[0m
INFO  2020-07-01 19:59:38,279 connection.py _connect        79  [32m[32mconnect to WebChatTools successfully[0m[0m
DEBUG 2020-07-01 19:59:38,279 connection.py send            98  [35m[35mSEND > {"id":"6cc7f03a-6e68-4673-ade3-ea5102402dab","method":"App.callWxMethod","params":{"method":"getLaunchOptionsSync","args":[]}}[0m[0m
DEBUG 2020-07-01 19:59:38,281 connection.py _on_message     134 [35m[35mRECV < {"id":"6cc7f03a-6e68-4673-ade3-ea5102402dab","result":{"result":{"path":"pages/Index/Index","query":{},"scene":1001,"referrerInfo":{}}}}[0m[0m
DEBUG 2020-07-01 19:59:38,281 connection.py send            98  [35m[35mSEND > {"id":"fe31d5dc-58b9-44c5-bf3e-3485c15b3ec2","method":"App.getCurrentPage","params":{}}[0m[0m
DEBUG 2020-07-01 19:59:38,282 connection.py _on_message     134 [35m[35mRECV < {"id":"fe31d5dc-58b9-44c5-bf3e-3485c15b3ec2","result":{"pageId":86,"path":"pages/Index/Index","query":{}}}[0m[0m
DEBUG 2020-07-01 19:59:38,283 connection.py send            98  [35m[35mSEND > {"id":"7847f513-e84b-4e1b-854a-7b0990df1cc8","method":"App.callWxMethod","params":{"method":"getAccountInfoSync","args":[]}}[0m[0m
DEBUG 2020-07-01 19:59:38,284 connection.py _on_message     134 [35m[35mRECV < {"id":"7847f513-e84b-4e1b-854a-7b0990df1cc8","result":{"result":{"miniProgram":{"appId":"wx0011eefe4e1884e1"}}}}[0m[0m
INFO  2020-07-01 19:59:38,284 app.py     _relaunch       233 [32m[32mReLaunch: /pages/Index/Index[0m[0m
DEBUG 2020-07-01 19:59:38,284 connection.py send            98  [35m[35mSEND > {"id":"a807c780-f7ee-4808-b040-717aadec10a0","method":"App.callWxMethod","params":{"method":"reLaunch","args":[{"url":"/pages/Index/Index"}]}}[0m[0m
DEBUG 2020-07-01 19:59:38,311 connection.py _on_message     134 [35m[35mRECV < {"id":"a807c780-f7ee-4808-b040-717aadec10a0","result":{"result":{"errMsg":"reLaunch:ok"}}}[0m[0m
DEBUG 2020-07-01 19:59:38,527 connection.py _on_message     134 [35m[35mRECV < {"method":"App.bindingCalled","params":{"name":"onAppRouteDone","args":[{"webviewId":87,"path":"pages/Index/Index","query":{},"openType":"reLaunch"}]}}[0m[0m
DEBUG 2020-07-01 19:59:38,528 connection.py _on_message     134 [35m[35mRECV < {"method":"App.bindingCalled","params":{"name":"onAppRouteDone","args":[{"webviewId":87,"path":"pages/Index/Index","query":{},"openType":"reLaunch"}]}}[0m[0m
DEBUG 2020-07-01 19:59:38,528 connection.py _on_message     134 [35m[35mRECV < {"method":"App.bindingCalled","params":{"name":"onAppRouteDone","args":[{"webviewId":87,"path":"pages/Index/Index","query":{},"openType":"reLaunch"}]}}[0m[0m
DEBUG 2020-07-01 19:59:38,529 connection.py _on_message     134 [35m[35mRECV < {"method":"App.bindingCalled","params":{"name":"onAppRouteDone","args":[{"webviewId":87,"path":"pages/Index/Index","query":{},"openType":"reLaunch"}]}}[0m[0m
DEBUG 2020-07-01 19:59:38,529 connection.py _on_message     134 [35m[35mRECV < {"method":"App.bindingCalled","params":{"name":"onAppRouteDone","args":[{"webviewId":87,"path":"pages/Index/Index","query":{},"openType":"reLaunch"}]}}[0m[0m
DEBUG 2020-07-01 19:59:43,316 connection.py send            98  [35m[35mSEND > {"id":"8a59921e-d497-4cb1-818c-20a39ba2e73a","method":"App.getCurrentPage","params":{}}[0m[0m
DEBUG 2020-07-01 19:59:43,319 connection.py _on_message     134 [35m[35mRECV < {"id":"8a59921e-d497-4cb1-818c-20a39ba2e73a","result":{"pageId":87,"path":"pages/Index/Index","query":{}}}[0m[0m
DEBUG 2020-07-01 19:59:44,324 connection.py send            98  [35m[35mSEND > {"id":"9e866aef-133c-4ae9-b45a-0ae35d98a790","method":"App.addBinding","params":{"name":"onAudioContextCreated"}}[0m[0m
DEBUG 2020-07-01 19:59:44,327 connection.py _on_message     134 [35m[35mRECV < {"id":"9e866aef-133c-4ae9-b45a-0ae35d98a790","result":{}}[0m[0m
DEBUG 2020-07-01 19:59:44,327 connection.py send            98  [35m[35mSEND > {"id":"04289cd9-93aa-4fd3-94a3-3b08c5023707","method":"App.addBinding","params":{"name":"onLivePusherContextCreated"}}[0m[0m
DEBUG 2020-07-01 19:59:44,329 connection.py _on_message     134 [35m[35mRECV < {"id":"04289cd9-93aa-4fd3-94a3-3b08c5023707","result":{}}[0m[0m
DEBUG 2020-07-01 19:59:44,329 connection.py send            98  [35m[35mSEND > {"id":"a05405b0-f3a2-4dc9-9406-0d7424abe9be","method":"App.addBinding","params":{"name":"onLivePlayerContextCreated"}}[0m[0m
DEBUG 2020-07-01 19:59:44,331 connection.py _on_message     134 [35m[35mRECV < {"id":"a05405b0-f3a2-4dc9-9406-0d7424abe9be","result":{}}[0m[0m
DEBUG 2020-07-01 19:59:44,332 connection.py send_async      107 [35m[35mASYNC_SEND > {"id": "6b7b9178-5ffe-4127-9523-cc903dcf2104", "method": "App.callFunction", "params": {"functionDeclaration": "function () {\n global.minium = {}; var cac = wx.createAudioContext; Object.defineProperty(wx, \"createAudioContext\", { get() { return function (audioId, pageOptions) { onAudioContextCreated(audioId, pageOptions); global.minium.audioContext = null; audioContext = cac(audioId, pageOptions); global.minium.audioContext = audioContext; return audioContext } } }); var clpuc = wx.createLivePusherContext; Object.defineProperty(wx, \"createLivePusherContext\", { get() { return function () { onLivePusherContextCreated(); global.minium.livePusherContext = null; livePusherContext = clpuc(); global.minium.livePusherContext = livePusherContext; return livePusherContext } } }); var clplc = wx.createLivePlayerContext; Object.defineProperty(wx, \"createLivePlayerContext\", { get() { return function (playerId, pageOptions) { onLivePlayerContextCreated(playerId, pageOptions); global.minium.livePlayerContext = null; livePlayerContext = clplc(playerId, pageOptions); global.minium.livePlayerContext = livePlayerContext; return livePlayerContext } } });}", "args": []}}[0m[0m
DEBUG 2020-07-01 19:59:44,332 connection.py send            98  [35m[35mSEND > {"id":"2444db25-c996-4bef-ab34-dd30644858a7","method":"App.addBinding","params":{"name":"onAppRouteDone"}}[0m[0m
DEBUG 2020-07-01 19:59:44,334 connection.py _on_message     134 [35m[35mRECV < {"id":"6b7b9178-5ffe-4127-9523-cc903dcf2104","result":{}}[0m[0m
WARNI 2020-07-01 19:59:44,334 connection.py _on_message     145 [33m[33mreceived async msg: 6b7b9178-5ffe-4127-9523-cc903dcf2104[0m[0m
DEBUG 2020-07-01 19:59:44,335 connection.py _on_message     134 [35m[35mRECV < {"id":"2444db25-c996-4bef-ab34-dd30644858a7","result":{}}[0m[0m
DEBUG 2020-07-01 19:59:44,335 connection.py send_async      107 [35m[35mASYNC_SEND > {"id": "ee7545a2-be6f-4162-a29a-1794151aeb37", "method": "App.callFunction", "params": {"functionDeclaration": "function () {\n wx.onAppRouteDone(function (options) { onAppRouteDone(options) })}", "args": []}}[0m[0m
DEBUG 2020-07-01 19:59:44,336 connection.py send            98  [35m[35mSEND > {"id":"56371dc8-38e1-4003-9dc9-5c33a5535329","method":"App.enableLog","params":{}}[0m[0m
DEBUG 2020-07-01 19:59:44,337 connection.py _on_message     134 [35m[35mRECV < {"id":"ee7545a2-be6f-4162-a29a-1794151aeb37","result":{}}[0m[0m
WARNI 2020-07-01 19:59:44,337 connection.py _on_message     145 [33m[33mreceived async msg: ee7545a2-be6f-4162-a29a-1794151aeb37[0m[0m
DEBUG 2020-07-01 19:59:44,337 connection.py _on_message     134 [35m[35mRECV < {"id":"56371dc8-38e1-4003-9dc9-5c33a5535329","result":{}}[0m[0m
DEBUG 2020-07-01 19:59:44,338 connection.py send            98  [35m[35mSEND > {"id":"7129c8c9-2426-4073-bbf2-6eb4cc0e0653","method":"App.callWxMethod","params":{"method":"getSystemInfoSync","args":[]}}[0m[0m
DEBUG 2020-07-01 19:59:44,345 connection.py _on_message     132 [35m[35mRECV < {"id":"7129c8c9-2426-4073-bbf2-6eb4cc0e0653","result":{"result":{"model":"iPhone 6/7/8","pixelRatio":2,"windowWidth":375,"windowHeight":603,"system":"iOS 10.0.1","language":"zh_CN","version":"7.0.4","screenWidth":375,"screenHeight":667,"SDKVersion":"2.9.2","brand":"devtools","fontSizeSetting":16,"benchmarkLevel":1,"batteryLevel":100,"statusBarHeight":20,"safeArea":{"right":375,"bottom":667,"left":0,"top":20,"width":375,"height":647},"deviceOrientation":"portrait","platform":"devtools","devicePixelRatio":...[0m[0m
DEBUG 2020-07-01 19:59:44,346 minitest.py setUp           80  [35m[35m=========Current caseï¼štest_screen_shot=========[0m[0m
INFO  2020-07-01 19:59:44,347 app.py     _relaunch       233 [32m[32mReLaunch: /pages/Index/Index[0m[0m
DEBUG 2020-07-01 19:59:44,347 connection.py send            98  [35m[35mSEND > {"id":"f034359e-102f-46df-b164-ef5713244d15","method":"App.callWxMethod","params":{"method":"reLaunch","args":[{"url":"/pages/Index/Index"}]}}[0m[0m
DEBUG 2020-07-01 19:59:44,376 connection.py _on_message     134 [35m[35mRECV < {"id":"f034359e-102f-46df-b164-ef5713244d15","result":{"result":{"errMsg":"reLaunch:ok"}}}[0m[0m
DEBUG 2020-07-01 19:59:44,600 connection.py _on_message     134 [35m[35mRECV < {"method":"App.bindingCalled","params":{"name":"onAppRouteDone","args":[{"webviewId":88,"path":"pages/Index/Index","query":{},"openType":"reLaunch"}]}}[0m[0m
INFO  2020-07-01 19:59:44,601 app.py     _on_route_changed 136 [32m[32mRoute changed, {'name': 'onAppRouteDone', 'args': [{'webviewId': 88, 'path': 'pages/Index/Index', 'query': {}, 'openType': 'reLaunch'}]}[0m[0m
DEBUG 2020-07-01 19:59:44,601 connection.py _on_message     134 [35m[35mRECV < {"method":"App.bindingCalled","params":{"name":"onAppRouteDone","args":[{"webviewId":88,"path":"pages/Index/Index","query":{},"openType":"reLaunch"}]}}[0m[0m
INFO  2020-07-01 19:59:44,601 app.py     _on_route_changed 136 [32m[32mRoute changed, {'name': 'onAppRouteDone', 'args': [{'webviewId': 88, 'path': 'pages/Index/Index', 'query': {}, 'openType': 'reLaunch'}]}[0m[0m
DEBUG 2020-07-01 19:59:44,602 connection.py send            98  [35m[35mSEND > {"id":"9caf928b-90f3-4da9-ba77-6a8fb26db4a2","method":"App.getCurrentPage","params":{}}[0m[0m
DEBUG 2020-07-01 19:59:44,602 connection.py _on_message     134 [35m[35mRECV < {"method":"App.bindingCalled","params":{"name":"onAppRouteDone","args":[{"webviewId":88,"path":"pages/Index/Index","query":{},"openType":"reLaunch"}]}}[0m[0m
INFO  2020-07-01 19:59:44,603 app.py     _on_route_changed 136 [32m[32mRoute changed, {'name': 'onAppRouteDone', 'args': [{'webviewId': 88, 'path': 'pages/Index/Index', 'query': {}, 'openType': 'reLaunch'}]}[0m[0m
DEBUG 2020-07-01 19:59:44,604 connection.py _on_message     134 [35m[35mRECV < {"method":"App.bindingCalled","params":{"name":"onAppRouteDone","args":[{"webviewId":88,"path":"pages/Index/Index","query":{},"openType":"reLaunch"}]}}[0m[0m
INFO  2020-07-01 19:59:44,604 app.py     _on_route_changed 136 [32m[32mRoute changed, {'name': 'onAppRouteDone', 'args': [{'webviewId': 88, 'path': 'pages/Index/Index', 'query': {}, 'openType': 'reLaunch'}]}[0m[0m
DEBUG 2020-07-01 19:59:44,604 connection.py _on_message     134 [35m[35mRECV < {"method":"App.bindingCalled","params":{"name":"onAppRouteDone","args":[{"webviewId":88,"path":"pages/Index/Index","query":{},"openType":"reLaunch"}]}}[0m[0m
INFO  2020-07-01 19:59:44,604 app.py     _on_route_changed 136 [32m[32mRoute changed, {'name': 'onAppRouteDone', 'args': [{'webviewId': 88, 'path': 'pages/Index/Index', 'query': {}, 'openType': 'reLaunch'}]}[0m[0m
DEBUG 2020-07-01 19:59:44,604 connection.py _on_message     134 [35m[35mRECV < {"method":"App.bindingCalled","params":{"name":"onAppRouteDone","args":[{"webviewId":88,"path":"pages/Index/Index","query":{},"openType":"reLaunch"}]}}[0m[0m
INFO  2020-07-01 19:59:44,605 app.py     _on_route_changed 136 [32m[32mRoute changed, {'name': 'onAppRouteDone', 'args': [{'webviewId': 88, 'path': 'pages/Index/Index', 'query': {}, 'openType': 'reLaunch'}]}[0m[0m
DEBUG 2020-07-01 19:59:44,625 connection.py _on_message     134 [35m[35mRECV < {"id":"9caf928b-90f3-4da9-ba77-6a8fb26db4a2","result":{"pageId":88,"path":"pages/Index/Index","query":{}}}[0m[0m
DEBUG 2020-07-01 19:59:45,632 connection.py send            98  [35m[35mSEND > {"id":"e7802820-f77e-4e48-9616-fa1671e8ca35","method":"App.captureScreenshot","params":{}}[0m[0m
DEBUG 2020-07-01 19:59:45,635 connection.py _on_message     134 [35m[35mRECV < {"id":"e7802820-f77e-4e48-9616-fa1671e8ca35","error":{"message":"appservice App.captureScreenshot unimplemented"}}[0m[0m
ERROR 2020-07-01 19:59:52,651 app.py     screen_shot     45  appservice App.captureScreenshot unimplemented
WARNI 2020-07-01 19:59:52,652 minitest.py capture         120 [33m[33m/Users/zaihui-105/PycharmProjects/test_wx_minium/outputs/20200701195938/test_screen_shot/20200701195944346491/images/195945630450.png not exists[0m[0m
DEBUG 2020-07-01 19:59:52,653 connection.py send            98  [35m[35mSEND > {"id":"f7ad0c0e-7d61-4a4a-b920-4c00f2cf2ca9","method":"App.getCurrentPage","params":{}}[0m[0m
DEBUG 2020-07-01 19:59:52,656 connection.py _on_message     134 [35m[35mRECV < {"id":"f7ad0c0e-7d61-4a4a-b920-4c00f2cf2ca9","result":{"pageId":88,"path":"pages/Index/Index","query":{}}}[0m[0m
DEBUG 2020-07-01 19:59:52,657 connection.py send            98  [35m[35mSEND > {"id":"c0ef6e61-3231-4a5b-ae17-bf85f0047abd","method":"App.getCurrentPage","params":{}}[0m[0m
DEBUG 2020-07-01 19:59:52,658 connection.py _on_message     134 [35m[35mRECV < {"id":"c0ef6e61-3231-4a5b-ae17-bf85f0047abd","result":{"pageId":88,"path":"pages/Index/Index","query":{}}}[0m[0m
INFO  2020-07-01 19:59:52,659 app.py     redirect_to     169 [32m[32mRedirectTo: /pages/Mine/Mine[0m[0m
DEBUG 2020-07-01 19:59:52,659 connection.py send            98  [35m[35mSEND > {"id":"bdb606ea-164f-4599-89b5-4d6422bca47e","method":"App.callWxMethod","params":{"method":"redirectTo","args":[{"url":"/pages/Mine/Mine"}]}}[0m[0m
DEBUG 2020-07-01 19:59:52,670 connection.py _on_message     134 [35m[35mRECV < {"id":"bdb606ea-164f-4599-89b5-4d6422bca47e","error":{"message":"can not redirectTo a tabbar page"}}[0m[0m
DEBUG 2020-07-01 19:59:52,673 connection.py send            98  [35m[35mSEND > {"id":"8e8a06be-6742-4379-a31a-2cdf1df3fa52","method":"App.captureScreenshot","params":{}}[0m[0m
DEBUG 2020-07-01 19:59:52,675 connection.py _on_message     134 [35m[35mRECV < {"id":"8e8a06be-6742-4379-a31a-2cdf1df3fa52","error":{"message":"appservice App.captureScreenshot unimplemented"}}[0m[0m
ERROR 2020-07-01 19:59:52,678 app.py     screen_shot     45  appservice App.captureScreenshot unimplemented
WARNI 2020-07-01 19:59:52,678 minitest.py capture         120 [33m[33m/Users/zaihui-105/PycharmProjects/test_wx_minium/outputs/20200701195938/test_screen_shot/20200701195944346491/images/195952673503.png not exists[0m[0m
DEBUG 2020-07-01 19:59:52,678 connection.py send            98  [35m[35mSEND > {"id":"9379dbad-977f-4544-aa3b-92224c323849","method":"App.getCurrentPage","params":{}}[0m[0m
DEBUG 2020-07-01 19:59:52,680 connection.py _on_message     134 [35m[35mRECV < {"id":"9379dbad-977f-4544-aa3b-92224c323849","result":{"pageId":88,"path":"pages/Index/Index","query":{}}}[0m[0m
DEBUG 2020-07-01 19:59:52,680 connection.py send            98  [35m[35mSEND > {"id":"9654e28e-b802-4158-863d-08fb28b38d4f","method":"Page.getData","params":{"pageId":88}}[0m[0m
DEBUG 2020-07-01 19:59:52,887 connection.py _on_message     132 [35m[35mRECV < {"id":"9654e28e-b802-4158-863d-08fb28b38d4f","result":{"data":{"merchandiseStore":{"merchandiseGroup":[{"id":495,"uid":"5764d13965674ad3ad887187ba2f1fce","title":"æµ‹è¯•ä¸“è¥","description":"è¿™æ˜¯ä¸€ä¸ªæµ‹è¯•ç»„","sort":0,"businessGroupUid":"","merchandiseCount":63,"onlineMerchandiseCount":63,"createdAt":"2020-06-23T11:10","updatedAt":"2020-06-23T11:10","deletedAt":"1970-01-01T00:00","loading":false},{"id":494,"uid":"51c9fdd59e7c4c42a986103630167711","title":"æŽ¥å£æ–°å»ºå•†å“ç»„","description":"æŽ¥å£","sort":0,"businessGroupUid":"","merch...[0m[0m
ERROR 2020-07-01 19:59:52,900 assertbase.py _teardown_collect 124 [31m[31massert failed[0m[0m
Traceback (most recent call last):
  File "/Library/Frameworks/Python.framework/Versions/3.7/lib/python3.7/unittest/case.py", line 59, in testPartExecutor
    yield
  File "/Library/Frameworks/Python.framework/Versions/3.7/lib/python3.7/unittest/case.py", line 628, in run
    testMethod()
  File "/Users/zaihui-105/PycharmProjects/test_wx_minium/minium_test.py", line 25, in test_screen_shot
    self.app.redirect_to("/pages/Mine/Mine")
  File "/Users/zaihui-105/PycharmProjects/test_wx_minium/venv/lib/python3.7/site-packages/minium/miniprogram/base_driver/minium_log.py", line 70, in wrapper
    result=func(*args,**kwargs)
  File "/Users/zaihui-105/PycharmProjects/test_wx_minium/venv/lib/python3.7/site-packages/minium/miniprogram/base_driver/app.py", line 170, in redirect_to
    page=self._change_route("redirectTo",url,wait)
  File "/Users/zaihui-105/PycharmProjects/test_wx_minium/venv/lib/python3.7/site-packages/minium/miniprogram/base_driver/app.py", line 122, in _change_route
    self._call_wx_method(open_type,[{"url":path}])
  File "/Users/zaihui-105/PycharmProjects/test_wx_minium/venv/lib/python3.7/site-packages/minium/miniprogram/base_driver/minium_object.py", line 84, in _call_wx_method
    return self.connection.send("App.callWxMethod",params)
  File "/Users/zaihui-105/PycharmProjects/test_wx_minium/venv/lib/python3.7/site-packages/minium/miniprogram/base_driver/connection.py", line 100, in send
    return self._receive_response(max_timeout)
  File "/Users/zaihui-105/PycharmProjects/test_wx_minium/venv/lib/python3.7/site-packages/minium/miniprogram/base_driver/connection.py", line 119, in _receive_response
    raise MiniAppError(err_msg)
minium.framework.exception.MiniAppError: can not redirectTo a tabbar page
INFO  2020-07-01 20:00:03,046 session.py run             47  [32m[32mcase queue is empty, test complete, release None[0m[0m
DEBUG 2020-07-01 20:03:06,192 loader.py  load_from_module 66  [35m[35mLoading module: minium_test[0m[0m
DEBUG 2020-07-01 20:03:06,195 loader.py  load_from_module 70  [35m[35mput module[minium_test] into queue[0m[0m
INFO  2020-07-01 20:03:06,208 loader.py  main            173 [32m[32mstart session with fork mode 
{'platform': 'ide', 'app': 'wx', 'debug_mode': 'debug', 'close_ide': False, 'assert_capture': True, 'auto_relaunch': True, 'device_desire': {}, 'account_info': {}, 'report_usage': True, 'remote_connect_timeout': 180, 'request_timeout': 30, 'use_push': True, 'full_reset': False, 'outputs': None, 'enable_app_log': True, 'project_path': None, 'dev_tool_path': None, 'test_port': 9420, 'is_default_config': True}
[0m[0m
DEBUG 2020-07-01 20:03:06,781 minitest.py setUpClass      57  [35m[35m=====================[0m[0m
DEBUG 2020-07-01 20:03:06,782 minitest.py setUpClass      58  [35m[35mTesting classï¼šFirstTest[0m[0m
DEBUG 2020-07-01 20:03:06,782 minitest.py setUpClass      59  [35m[35m=====================[0m[0m
INFO  2020-07-01 20:03:06,782 wx_minium.py __init__        42  {}
INFO  2020-07-01 20:03:06,790 wx_minium.py launch_dev_tool 75  [32m[32mStarting dev tool and launch MiniProgram project ...[0m[0m
WARNI 2020-07-01 20:03:06,790 wx_minium.py launch_dev_tool 112 [33m[33mCan not find project_path in config, that means you must open dev tool by automation way first[0m[0m
INFO  2020-07-01 20:03:06,791 wx_minium.py connect_dev_tool 135 [32m[32mTrying to connect Dev tool ...[0m[0m
INFO  2020-07-01 20:03:06,879 connection.py _connect        79  [32m[32mconnect to WebChatTools successfully[0m[0m
DEBUG 2020-07-01 20:03:06,879 connection.py send            98  [35m[35mSEND > {"id":"16c21136-00c1-49c5-bc8e-a858d5005c0f","method":"App.callWxMethod","params":{"method":"getLaunchOptionsSync","args":[]}}[0m[0m
DEBUG 2020-07-01 20:03:06,886 connection.py _on_message     134 [35m[35mRECV < {"id":"16c21136-00c1-49c5-bc8e-a858d5005c0f","result":{"result":{"path":"pages/Index/Index","query":{},"scene":1001,"referrerInfo":{}}}}[0m[0m
DEBUG 2020-07-01 20:03:06,887 connection.py send            98  [35m[35mSEND > {"id":"392b22fa-02a9-4905-a48c-b1d5b4e10ad6","method":"App.getCurrentPage","params":{}}[0m[0m
DEBUG 2020-07-01 20:03:06,888 connection.py _on_message     134 [35m[35mRECV < {"id":"392b22fa-02a9-4905-a48c-b1d5b4e10ad6","result":{"pageId":88,"path":"pages/Index/Index","query":{}}}[0m[0m
DEBUG 2020-07-01 20:03:06,888 connection.py send            98  [35m[35mSEND > {"id":"e3d48e26-1e50-4344-9584-51449226c544","method":"App.callWxMethod","params":{"method":"getAccountInfoSync","args":[]}}[0m[0m
DEBUG 2020-07-01 20:03:06,889 connection.py _on_message     134 [35m[35mRECV < {"id":"e3d48e26-1e50-4344-9584-51449226c544","result":{"result":{"miniProgram":{"appId":"wx0011eefe4e1884e1"}}}}[0m[0m
INFO  2020-07-01 20:03:06,889 app.py     _relaunch       233 [32m[32mReLaunch: /pages/Index/Index[0m[0m
DEBUG 2020-07-01 20:03:06,890 connection.py send            98  [35m[35mSEND > {"id":"79df9009-a103-48ef-8f26-d52849514681","method":"App.callWxMethod","params":{"method":"reLaunch","args":[{"url":"/pages/Index/Index"}]}}[0m[0m
DEBUG 2020-07-01 20:03:06,922 connection.py _on_message     134 [35m[35mRECV < {"id":"79df9009-a103-48ef-8f26-d52849514681","result":{"result":{"errMsg":"reLaunch:ok"}}}[0m[0m
DEBUG 2020-07-01 20:03:07,139 connection.py _on_message     134 [35m[35mRECV < {"method":"App.bindingCalled","params":{"name":"onAppRouteDone","args":[{"webviewId":89,"path":"pages/Index/Index","query":{},"openType":"reLaunch"}]}}[0m[0m
DEBUG 2020-07-01 20:03:07,139 connection.py _on_message     134 [35m[35mRECV < {"method":"App.bindingCalled","params":{"name":"onAppRouteDone","args":[{"webviewId":89,"path":"pages/Index/Index","query":{},"openType":"reLaunch"}]}}[0m[0m
DEBUG 2020-07-01 20:03:07,140 connection.py _on_message     134 [35m[35mRECV < {"method":"App.bindingCalled","params":{"name":"onAppRouteDone","args":[{"webviewId":89,"path":"pages/Index/Index","query":{},"openType":"reLaunch"}]}}[0m[0m
DEBUG 2020-07-01 20:03:07,140 connection.py _on_message     134 [35m[35mRECV < {"method":"App.bindingCalled","params":{"name":"onAppRouteDone","args":[{"webviewId":89,"path":"pages/Index/Index","query":{},"openType":"reLaunch"}]}}[0m[0m
DEBUG 2020-07-01 20:03:07,140 connection.py _on_message     134 [35m[35mRECV < {"method":"App.bindingCalled","params":{"name":"onAppRouteDone","args":[{"webviewId":89,"path":"pages/Index/Index","query":{},"openType":"reLaunch"}]}}[0m[0m
DEBUG 2020-07-01 20:03:07,140 connection.py _on_message     134 [35m[35mRECV < {"method":"App.bindingCalled","params":{"name":"onAppRouteDone","args":[{"webviewId":89,"path":"pages/Index/Index","query":{},"openType":"reLaunch"}]}}[0m[0m
DEBUG 2020-07-01 20:03:11,927 connection.py send            98  [35m[35mSEND > {"id":"4b310ed0-6644-4df9-ac17-d29d1b8188d0","method":"App.getCurrentPage","params":{}}[0m[0m
DEBUG 2020-07-01 20:03:11,930 connection.py _on_message     134 [35m[35mRECV < {"id":"4b310ed0-6644-4df9-ac17-d29d1b8188d0","result":{"pageId":89,"path":"pages/Index/Index","query":{}}}[0m[0m
DEBUG 2020-07-01 20:03:12,932 connection.py send            98  [35m[35mSEND > {"id":"2be7b8fa-79e7-4f77-b1ba-f9fa5fd78394","method":"App.addBinding","params":{"name":"onAudioContextCreated"}}[0m[0m
DEBUG 2020-07-01 20:03:12,935 connection.py _on_message     134 [35m[35mRECV < {"id":"2be7b8fa-79e7-4f77-b1ba-f9fa5fd78394","result":{}}[0m[0m
DEBUG 2020-07-01 20:03:12,936 connection.py send            98  [35m[35mSEND > {"id":"4fbee03a-fff9-47e8-a53d-78f3b25856d4","method":"App.addBinding","params":{"name":"onLivePusherContextCreated"}}[0m[0m
DEBUG 2020-07-01 20:03:12,938 connection.py _on_message     134 [35m[35mRECV < {"id":"4fbee03a-fff9-47e8-a53d-78f3b25856d4","result":{}}[0m[0m
DEBUG 2020-07-01 20:03:12,938 connection.py send            98  [35m[35mSEND > {"id":"12184589-b11a-444a-a0bc-28b36e92aedf","method":"App.addBinding","params":{"name":"onLivePlayerContextCreated"}}[0m[0m
DEBUG 2020-07-01 20:03:12,939 connection.py _on_message     134 [35m[35mRECV < {"id":"12184589-b11a-444a-a0bc-28b36e92aedf","result":{}}[0m[0m
DEBUG 2020-07-01 20:03:12,940 connection.py send_async      107 [35m[35mASYNC_SEND > {"id": "094f7f00-d796-4e3e-96d8-58b643f50462", "method": "App.callFunction", "params": {"functionDeclaration": "function () {\n global.minium = {}; var cac = wx.createAudioContext; Object.defineProperty(wx, \"createAudioContext\", { get() { return function (audioId, pageOptions) { onAudioContextCreated(audioId, pageOptions); global.minium.audioContext = null; audioContext = cac(audioId, pageOptions); global.minium.audioContext = audioContext; return audioContext } } }); var clpuc = wx.createLivePusherContext; Object.defineProperty(wx, \"createLivePusherContext\", { get() { return function () { onLivePusherContextCreated(); global.minium.livePusherContext = null; livePusherContext = clpuc(); global.minium.livePusherContext = livePusherContext; return livePusherContext } } }); var clplc = wx.createLivePlayerContext; Object.defineProperty(wx, \"createLivePlayerContext\", { get() { return function (playerId, pageOptions) { onLivePlayerContextCreated(playerId, pageOptions); global.minium.livePlayerContext = null; livePlayerContext = clplc(playerId, pageOptions); global.minium.livePlayerContext = livePlayerContext; return livePlayerContext } } });}", "args": []}}[0m[0m
DEBUG 2020-07-01 20:03:12,941 connection.py send            98  [35m[35mSEND > {"id":"a23b5fb3-c318-4637-aa2b-157bbe84678b","method":"App.addBinding","params":{"name":"onAppRouteDone"}}[0m[0m
DEBUG 2020-07-01 20:03:12,942 connection.py _on_message     134 [35m[35mRECV < {"id":"094f7f00-d796-4e3e-96d8-58b643f50462","result":{}}[0m[0m
WARNI 2020-07-01 20:03:12,942 connection.py _on_message     145 [33m[33mreceived async msg: 094f7f00-d796-4e3e-96d8-58b643f50462[0m[0m
DEBUG 2020-07-01 20:03:12,943 connection.py _on_message     134 [35m[35mRECV < {"id":"a23b5fb3-c318-4637-aa2b-157bbe84678b","result":{}}[0m[0m
DEBUG 2020-07-01 20:03:12,943 connection.py send_async      107 [35m[35mASYNC_SEND > {"id": "fec3bd59-7e18-43e3-b6e9-dd7c5cc28140", "method": "App.callFunction", "params": {"functionDeclaration": "function () {\n wx.onAppRouteDone(function (options) { onAppRouteDone(options) })}", "args": []}}[0m[0m
DEBUG 2020-07-01 20:03:12,944 connection.py send            98  [35m[35mSEND > {"id":"6106fdd1-5949-43b2-bb75-7188c44b3013","method":"App.enableLog","params":{}}[0m[0m
DEBUG 2020-07-01 20:03:12,951 connection.py _on_message     134 [35m[35mRECV < {"id":"fec3bd59-7e18-43e3-b6e9-dd7c5cc28140","result":{}}[0m[0m
WARNI 2020-07-01 20:03:12,952 connection.py _on_message     145 [33m[33mreceived async msg: fec3bd59-7e18-43e3-b6e9-dd7c5cc28140[0m[0m
DEBUG 2020-07-01 20:03:12,952 connection.py _on_message     134 [35m[35mRECV < {"id":"6106fdd1-5949-43b2-bb75-7188c44b3013","result":{}}[0m[0m
DEBUG 2020-07-01 20:03:12,952 connection.py send            98  [35m[35mSEND > {"id":"58f6686d-1681-44ae-ae72-124f9a0e653f","method":"App.callWxMethod","params":{"method":"getSystemInfoSync","args":[]}}[0m[0m
DEBUG 2020-07-01 20:03:12,959 connection.py _on_message     132 [35m[35mRECV < {"id":"58f6686d-1681-44ae-ae72-124f9a0e653f","result":{"result":{"model":"iPhone 6/7/8","pixelRatio":2,"windowWidth":375,"windowHeight":603,"system":"iOS 10.0.1","language":"zh_CN","version":"7.0.4","screenWidth":375,"screenHeight":667,"SDKVersion":"2.9.2","brand":"devtools","fontSizeSetting":16,"benchmarkLevel":1,"batteryLevel":100,"statusBarHeight":20,"safeArea":{"right":375,"bottom":667,"left":0,"top":20,"width":375,"height":647},"deviceOrientation":"portrait","platform":"devtools","devicePixelRatio":...[0m[0m
DEBUG 2020-07-01 20:03:12,960 minitest.py setUp           80  [35m[35m=========Current caseï¼štest_screen_shot=========[0m[0m
INFO  2020-07-01 20:03:12,961 app.py     _relaunch       233 [32m[32mReLaunch: /pages/Index/Index[0m[0m
DEBUG 2020-07-01 20:03:12,961 connection.py send            98  [35m[35mSEND > {"id":"d6aa695f-19f6-4271-8d11-c41670933326","method":"App.callWxMethod","params":{"method":"reLaunch","args":[{"url":"/pages/Index/Index"}]}}[0m[0m
DEBUG 2020-07-01 20:03:12,991 connection.py _on_message     134 [35m[35mRECV < {"id":"d6aa695f-19f6-4271-8d11-c41670933326","result":{"result":{"errMsg":"reLaunch:ok"}}}[0m[0m
DEBUG 2020-07-01 20:03:13,304 connection.py _on_message     134 [35m[35mRECV < {"method":"App.bindingCalled","params":{"name":"onAppRouteDone","args":[{"webviewId":90,"path":"pages/Index/Index","query":{},"openType":"reLaunch"}]}}[0m[0m
INFO  2020-07-01 20:03:13,304 app.py     _on_route_changed 136 [32m[32mRoute changed, {'name': 'onAppRouteDone', 'args': [{'webviewId': 90, 'path': 'pages/Index/Index', 'query': {}, 'openType': 'reLaunch'}]}[0m[0m
DEBUG 2020-07-01 20:03:13,304 connection.py send            98  [35m[35mSEND > {"id":"4f9189b4-4ee3-4964-b934-de0b2d0e4eff","method":"App.getCurrentPage","params":{}}[0m[0m
DEBUG 2020-07-01 20:03:13,305 connection.py _on_message     134 [35m[35mRECV < {"method":"App.bindingCalled","params":{"name":"onAppRouteDone","args":[{"webviewId":90,"path":"pages/Index/Index","query":{},"openType":"reLaunch"}]}}[0m[0m
INFO  2020-07-01 20:03:13,305 app.py     _on_route_changed 136 [32m[32mRoute changed, {'name': 'onAppRouteDone', 'args': [{'webviewId': 90, 'path': 'pages/Index/Index', 'query': {}, 'openType': 'reLaunch'}]}[0m[0m
DEBUG 2020-07-01 20:03:13,306 connection.py _on_message     134 [35m[35mRECV < {"method":"App.bindingCalled","params":{"name":"onAppRouteDone","args":[{"webviewId":90,"path":"pages/Index/Index","query":{},"openType":"reLaunch"}]}}[0m[0m
INFO  2020-07-01 20:03:13,306 app.py     _on_route_changed 136 [32m[32mRoute changed, {'name': 'onAppRouteDone', 'args': [{'webviewId': 90, 'path': 'pages/Index/Index', 'query': {}, 'openType': 'reLaunch'}]}[0m[0m
DEBUG 2020-07-01 20:03:13,307 connection.py _on_message     134 [35m[35mRECV < {"method":"App.bindingCalled","params":{"name":"onAppRouteDone","args":[{"webviewId":90,"path":"pages/Index/Index","query":{},"openType":"reLaunch"}]}}[0m[0m
INFO  2020-07-01 20:03:13,307 app.py     _on_route_changed 136 [32m[32mRoute changed, {'name': 'onAppRouteDone', 'args': [{'webviewId': 90, 'path': 'pages/Index/Index', 'query': {}, 'openType': 'reLaunch'}]}[0m[0m
DEBUG 2020-07-01 20:03:13,308 connection.py _on_message     134 [35m[35mRECV < {"method":"App.bindingCalled","params":{"name":"onAppRouteDone","args":[{"webviewId":90,"path":"pages/Index/Index","query":{},"openType":"reLaunch"}]}}[0m[0m
INFO  2020-07-01 20:03:13,308 app.py     _on_route_changed 136 [32m[32mRoute changed, {'name': 'onAppRouteDone', 'args': [{'webviewId': 90, 'path': 'pages/Index/Index', 'query': {}, 'openType': 'reLaunch'}]}[0m[0m
DEBUG 2020-07-01 20:03:13,309 connection.py _on_message     134 [35m[35mRECV < {"method":"App.bindingCalled","params":{"name":"onAppRouteDone","args":[{"webviewId":90,"path":"pages/Index/Index","query":{},"openType":"reLaunch"}]}}[0m[0m
INFO  2020-07-01 20:03:13,309 app.py     _on_route_changed 136 [32m[32mRoute changed, {'name': 'onAppRouteDone', 'args': [{'webviewId': 90, 'path': 'pages/Index/Index', 'query': {}, 'openType': 'reLaunch'}]}[0m[0m
DEBUG 2020-07-01 20:03:13,309 connection.py _on_message     134 [35m[35mRECV < {"method":"App.bindingCalled","params":{"name":"onAppRouteDone","args":[{"webviewId":90,"path":"pages/Index/Index","query":{},"openType":"reLaunch"}]}}[0m[0m
INFO  2020-07-01 20:03:13,311 app.py     _on_route_changed 136 [32m[32mRoute changed, {'name': 'onAppRouteDone', 'args': [{'webviewId': 90, 'path': 'pages/Index/Index', 'query': {}, 'openType': 'reLaunch'}]}[0m[0m
DEBUG 2020-07-01 20:03:13,314 connection.py _on_message     134 [35m[35mRECV < {"id":"4f9189b4-4ee3-4964-b934-de0b2d0e4eff","result":{"pageId":90,"path":"pages/Index/Index","query":{}}}[0m[0m
DEBUG 2020-07-01 20:03:14,320 connection.py send            98  [35m[35mSEND > {"id":"d6f029cf-81f0-4060-946b-aafd00b16765","method":"App.captureScreenshot","params":{}}[0m[0m
DEBUG 2020-07-01 20:03:14,630 connection.py _on_message     134 [35m[35mRECV < {"id":"d6f029cf-81f0-4060-946b-aafd00b16765","error":{"message":"appservice App.captureScreenshot unimplemented"}}[0m[0m
ERROR 2020-07-01 20:03:21,644 app.py     screen_shot     45  appservice App.captureScreenshot unimplemented
WARNI 2020-07-01 20:03:21,645 minitest.py capture         120 [33m[33m/Users/zaihui-105/PycharmProjects/test_wx_minium/outputs/20200701200306/test_screen_shot/20200701200312960517/images/200314319843.png not exists[0m[0m
DEBUG 2020-07-01 20:03:21,646 connection.py send            98  [35m[35mSEND > {"id":"2a7741ff-e629-4569-b676-496aa2719f19","method":"App.callWxMethod","params":{"method":"switchTab","args":[{"url":"/pages/Mine/Mine"}]}}[0m[0m
DEBUG 2020-07-01 20:03:21,687 connection.py _on_message     134 [35m[35mRECV < {"id":"2a7741ff-e629-4569-b676-496aa2719f19","result":{"result":{"errMsg":"switchTab:ok"}}}[0m[0m
DEBUG 2020-07-01 20:03:22,729 connection.py _on_message     134 [35m[35mRECV < {"method":"App.bindingCalled","params":{"name":"onAppRouteDone","args":[{"webviewId":91,"path":"pages/Mine/Mine","query":{},"openType":"switchTab"}]}}[0m[0m
INFO  2020-07-01 20:03:22,730 app.py     _on_route_changed 136 [32m[32mRoute changed, {'name': 'onAppRouteDone', 'args': [{'webviewId': 91, 'path': 'pages/Mine/Mine', 'query': {}, 'openType': 'switchTab'}]}[0m[0m
DEBUG 2020-07-01 20:03:22,730 connection.py send            98  [35m[35mSEND > {"id":"c679bcfa-76fc-4c69-8513-56901f8b377a","method":"App.getCurrentPage","params":{}}[0m[0m
DEBUG 2020-07-01 20:03:22,731 connection.py _on_message     134 [35m[35mRECV < {"method":"App.bindingCalled","params":{"name":"onAppRouteDone","args":[{"webviewId":91,"path":"pages/Mine/Mine","query":{},"openType":"switchTab"}]}}[0m[0m
INFO  2020-07-01 20:03:22,732 app.py     _on_route_changed 136 [32m[32mRoute changed, {'name': 'onAppRouteDone', 'args': [{'webviewId': 91, 'path': 'pages/Mine/Mine', 'query': {}, 'openType': 'switchTab'}]}[0m[0m
DEBUG 2020-07-01 20:03:22,732 connection.py _on_message     134 [35m[35mRECV < {"method":"App.bindingCalled","params":{"name":"onAppRouteDone","args":[{"webviewId":91,"path":"pages/Mine/Mine","query":{},"openType":"switchTab"}]}}[0m[0m
INFO  2020-07-01 20:03:22,733 app.py     _on_route_changed 136 [32m[32mRoute changed, {'name': 'onAppRouteDone', 'args': [{'webviewId': 91, 'path': 'pages/Mine/Mine', 'query': {}, 'openType': 'switchTab'}]}[0m[0m
DEBUG 2020-07-01 20:03:22,733 connection.py _on_message     134 [35m[35mRECV < {"method":"App.bindingCalled","params":{"name":"onAppRouteDone","args":[{"webviewId":91,"path":"pages/Mine/Mine","query":{},"openType":"switchTab"}]}}[0m[0m
INFO  2020-07-01 20:03:22,733 app.py     _on_route_changed 136 [32m[32mRoute changed, {'name': 'onAppRouteDone', 'args': [{'webviewId': 91, 'path': 'pages/Mine/Mine', 'query': {}, 'openType': 'switchTab'}]}[0m[0m
DEBUG 2020-07-01 20:03:22,733 connection.py _on_message     134 [35m[35mRECV < {"method":"App.bindingCalled","params":{"name":"onAppRouteDone","args":[{"webviewId":91,"path":"pages/Mine/Mine","query":{},"openType":"switchTab"}]}}[0m[0m
INFO  2020-07-01 20:03:22,733 app.py     _on_route_changed 136 [32m[32mRoute changed, {'name': 'onAppRouteDone', 'args': [{'webviewId': 91, 'path': 'pages/Mine/Mine', 'query': {}, 'openType': 'switchTab'}]}[0m[0m
DEBUG 2020-07-01 20:03:22,734 connection.py _on_message     134 [35m[35mRECV < {"method":"App.bindingCalled","params":{"name":"onAppRouteDone","args":[{"webviewId":91,"path":"pages/Mine/Mine","query":{},"openType":"switchTab"}]}}[0m[0m
INFO  2020-07-01 20:03:22,734 app.py     _on_route_changed 136 [32m[32mRoute changed, {'name': 'onAppRouteDone', 'args': [{'webviewId': 91, 'path': 'pages/Mine/Mine', 'query': {}, 'openType': 'switchTab'}]}[0m[0m
DEBUG 2020-07-01 20:03:22,735 connection.py _on_message     134 [35m[35mRECV < {"method":"App.bindingCalled","params":{"name":"onAppRouteDone","args":[{"webviewId":91,"path":"pages/Mine/Mine","query":{},"openType":"switchTab"}]}}[0m[0m
INFO  2020-07-01 20:03:22,735 app.py     _on_route_changed 136 [32m[32mRoute changed, {'name': 'onAppRouteDone', 'args': [{'webviewId': 91, 'path': 'pages/Mine/Mine', 'query': {}, 'openType': 'switchTab'}]}[0m[0m
DEBUG 2020-07-01 20:03:22,735 connection.py _on_message     134 [35m[35mRECV < {"id":"c679bcfa-76fc-4c69-8513-56901f8b377a","result":{"pageId":91,"path":"pages/Mine/Mine","query":{}}}[0m[0m
DEBUG 2020-07-01 20:03:22,736 connection.py send            98  [35m[35mSEND > {"id":"1958b063-1ab5-44b6-82f6-9350e4c5879f","method":"App.getCurrentPage","params":{}}[0m[0m
DEBUG 2020-07-01 20:03:22,748 connection.py _on_message     134 [35m[35mRECV < {"id":"1958b063-1ab5-44b6-82f6-9350e4c5879f","result":{"pageId":91,"path":"pages/Mine/Mine","query":{}}}[0m[0m
DEBUG 2020-07-01 20:03:22,749 connection.py send            98  [35m[35mSEND > {"id":"8717cb6d-e1e0-422c-8f02-34e27ccf5080","method":"App.captureScreenshot","params":{}}[0m[0m
DEBUG 2020-07-01 20:03:22,752 connection.py _on_message     134 [35m[35mRECV < {"id":"8717cb6d-e1e0-422c-8f02-34e27ccf5080","error":{"message":"appservice App.captureScreenshot unimplemented"}}[0m[0m
ERROR 2020-07-01 20:03:22,757 app.py     screen_shot     45  appservice App.captureScreenshot unimplemented
WARNI 2020-07-01 20:03:22,758 minitest.py capture         120 [33m[33m/Users/zaihui-105/PycharmProjects/test_wx_minium/outputs/20200701200306/test_screen_shot/20200701200312960517/images/200322749555.png not exists[0m[0m
DEBUG 2020-07-01 20:03:22,758 connection.py send            98  [35m[35mSEND > {"id":"275390c3-7353-4905-a9f5-1ff303fb194e","method":"App.getCurrentPage","params":{}}[0m[0m
DEBUG 2020-07-01 20:03:22,764 connection.py _on_message     134 [35m[35mRECV < {"id":"275390c3-7353-4905-a9f5-1ff303fb194e","result":{"pageId":91,"path":"pages/Mine/Mine","query":{}}}[0m[0m
DEBUG 2020-07-01 20:03:22,765 connection.py send            98  [35m[35mSEND > {"id":"42b1ae2e-38c6-41c8-9b08-750dd14b17ed","method":"Page.getData","params":{"pageId":91}}[0m[0m
DEBUG 2020-07-01 20:03:22,769 connection.py _on_message     132 [35m[35mRECV < {"id":"42b1ae2e-38c6-41c8-9b08-750dd14b17ed","result":{"data":{"userStore":{"token":"eyJ0eXAiOiJKV1QiLCJhbGciOiJIUzI1NiJ9.eyJhdWQiOiJjIiwiZXhwIjoxNTk0MjA4ODI2LCJ1c2VyIjoiMzkxNjgzNjFkM2QzNGY1MDljMjhjMjNkNjRlNTYyNTAifQ.4r28xeLYq-QOeBsknodQlv7jWnTkmKCkCw2rdHbIb48","isBindPhone":true,"openid":"orXIL43d_Nvpn64BY3f1U36IAYnk","sessionKey":"K+R+NPVURM50Db+nSh7U1A==","shopNum":"QWERTYUIOP0001"},"cashStore":{"cashInfo":10767.83,"cashDetailList":[],"totalCount":999,"loading":false,"haveAccount":true,"pageSize":16},...[0m[0m
INFO  2020-07-01 20:03:32,897 session.py run             47  [32m[32mcase queue is empty, test complete, release None[0m[0m
DEBUG 2020-07-01 20:04:43,269 loader.py  load_from_module 66  [35m[35mLoading module: minium_test[0m[0m
DEBUG 2020-07-01 20:04:43,271 loader.py  load_from_module 70  [35m[35mput module[minium_test] into queue[0m[0m
INFO  2020-07-01 20:04:43,283 loader.py  main            173 [32m[32mstart session with fork mode 
{'platform': 'ide', 'app': 'wx', 'debug_mode': 'debug', 'close_ide': False, 'assert_capture': True, 'auto_relaunch': True, 'device_desire': {}, 'account_info': {}, 'report_usage': True, 'remote_connect_timeout': 180, 'request_timeout': 30, 'use_push': True, 'full_reset': False, 'outputs': None, 'enable_app_log': True, 'project_path': None, 'dev_tool_path': None, 'test_port': 9420, 'is_default_config': True}
[0m[0m
DEBUG 2020-07-01 20:04:43,794 minitest.py setUpClass      57  [35m[35m=====================[0m[0m
DEBUG 2020-07-01 20:04:43,794 minitest.py setUpClass      58  [35m[35mTesting classï¼šFirstTest[0m[0m
DEBUG 2020-07-01 20:04:43,795 minitest.py setUpClass      59  [35m[35m=====================[0m[0m
INFO  2020-07-01 20:04:43,795 wx_minium.py __init__        42  {}
INFO  2020-07-01 20:04:43,804 wx_minium.py launch_dev_tool 75  [32m[32mStarting dev tool and launch MiniProgram project ...[0m[0m
WARNI 2020-07-01 20:04:43,805 wx_minium.py launch_dev_tool 112 [33m[33mCan not find project_path in config, that means you must open dev tool by automation way first[0m[0m
INFO  2020-07-01 20:04:43,805 wx_minium.py connect_dev_tool 135 [32m[32mTrying to connect Dev tool ...[0m[0m
INFO  2020-07-01 20:04:43,919 connection.py _connect        79  [32m[32mconnect to WebChatTools successfully[0m[0m
DEBUG 2020-07-01 20:04:43,920 connection.py send            98  [35m[35mSEND > {"id":"98713ebb-a2af-4d5e-8036-4326cb73aa11","method":"App.callWxMethod","params":{"method":"getLaunchOptionsSync","args":[]}}[0m[0m
DEBUG 2020-07-01 20:04:43,928 connection.py _on_message     134 [35m[35mRECV < {"id":"98713ebb-a2af-4d5e-8036-4326cb73aa11","result":{"result":{"path":"pages/Index/Index","query":{},"scene":1001,"referrerInfo":{}}}}[0m[0m
DEBUG 2020-07-01 20:04:43,928 connection.py send            98  [35m[35mSEND > {"id":"9deec130-1f9f-4b80-a198-d1647baf3b01","method":"App.getCurrentPage","params":{}}[0m[0m
DEBUG 2020-07-01 20:04:43,930 connection.py _on_message     134 [35m[35mRECV < {"id":"9deec130-1f9f-4b80-a198-d1647baf3b01","result":{"pageId":91,"path":"pages/Mine/Mine","query":{}}}[0m[0m
DEBUG 2020-07-01 20:04:43,930 connection.py send            98  [35m[35mSEND > {"id":"1842dab5-acb1-4824-a2a5-ed27bdf4546f","method":"App.callWxMethod","params":{"method":"getAccountInfoSync","args":[]}}[0m[0m
DEBUG 2020-07-01 20:04:43,932 connection.py _on_message     134 [35m[35mRECV < {"id":"1842dab5-acb1-4824-a2a5-ed27bdf4546f","result":{"result":{"miniProgram":{"appId":"wx0011eefe4e1884e1"}}}}[0m[0m
INFO  2020-07-01 20:04:43,932 app.py     _relaunch       233 [32m[32mReLaunch: /pages/Index/Index[0m[0m
DEBUG 2020-07-01 20:04:43,932 connection.py send            98  [35m[35mSEND > {"id":"f1c67f7c-cf69-4e76-8846-3333cd34715d","method":"App.callWxMethod","params":{"method":"reLaunch","args":[{"url":"/pages/Index/Index"}]}}[0m[0m
DEBUG 2020-07-01 20:04:43,959 connection.py _on_message     134 [35m[35mRECV < {"id":"f1c67f7c-cf69-4e76-8846-3333cd34715d","result":{"result":{"errMsg":"reLaunch:ok"}}}[0m[0m
DEBUG 2020-07-01 20:04:44,359 connection.py _on_message     134 [35m[35mRECV < {"method":"App.bindingCalled","params":{"name":"onAppRouteDone","args":[{"webviewId":92,"path":"pages/Index/Index","query":{},"openType":"reLaunch"}]}}[0m[0m
DEBUG 2020-07-01 20:04:44,360 connection.py _on_message     134 [35m[35mRECV < {"method":"App.bindingCalled","params":{"name":"onAppRouteDone","args":[{"webviewId":92,"path":"pages/Index/Index","query":{},"openType":"reLaunch"}]}}[0m[0m
DEBUG 2020-07-01 20:04:44,360 connection.py _on_message     134 [35m[35mRECV < {"method":"App.bindingCalled","params":{"name":"onAppRouteDone","args":[{"webviewId":92,"path":"pages/Index/Index","query":{},"openType":"reLaunch"}]}}[0m[0m
DEBUG 2020-07-01 20:04:44,361 connection.py _on_message     134 [35m[35mRECV < {"method":"App.bindingCalled","params":{"name":"onAppRouteDone","args":[{"webviewId":92,"path":"pages/Index/Index","query":{},"openType":"reLaunch"}]}}[0m[0m
DEBUG 2020-07-01 20:04:44,361 connection.py _on_message     134 [35m[35mRECV < {"method":"App.bindingCalled","params":{"name":"onAppRouteDone","args":[{"webviewId":92,"path":"pages/Index/Index","query":{},"openType":"reLaunch"}]}}[0m[0m
DEBUG 2020-07-01 20:04:44,361 connection.py _on_message     134 [35m[35mRECV < {"method":"App.bindingCalled","params":{"name":"onAppRouteDone","args":[{"webviewId":92,"path":"pages/Index/Index","query":{},"openType":"reLaunch"}]}}[0m[0m
DEBUG 2020-07-01 20:04:44,362 connection.py _on_message     134 [35m[35mRECV < {"method":"App.bindingCalled","params":{"name":"onAppRouteDone","args":[{"webviewId":92,"path":"pages/Index/Index","query":{},"openType":"reLaunch"}]}}[0m[0m
DEBUG 2020-07-01 20:04:48,963 connection.py send            98  [35m[35mSEND > {"id":"f16afd45-2aa7-4abe-8c03-5a604089e402","method":"App.getCurrentPage","params":{}}[0m[0m
DEBUG 2020-07-01 20:04:48,965 connection.py _on_message     134 [35m[35mRECV < {"id":"f16afd45-2aa7-4abe-8c03-5a604089e402","result":{"pageId":92,"path":"pages/Index/Index","query":{}}}[0m[0m
DEBUG 2020-07-01 20:04:49,969 connection.py send            98  [35m[35mSEND > {"id":"23326944-ee9a-4829-9fdc-589478e9ae1c","method":"App.addBinding","params":{"name":"onAudioContextCreated"}}[0m[0m
DEBUG 2020-07-01 20:04:49,973 connection.py _on_message     134 [35m[35mRECV < {"id":"23326944-ee9a-4829-9fdc-589478e9ae1c","result":{}}[0m[0m
DEBUG 2020-07-01 20:04:49,974 connection.py send            98  [35m[35mSEND > {"id":"01e81670-72cf-46d2-a792-e519998c82ae","method":"App.addBinding","params":{"name":"onLivePusherContextCreated"}}[0m[0m
DEBUG 2020-07-01 20:04:49,975 connection.py _on_message     134 [35m[35mRECV < {"id":"01e81670-72cf-46d2-a792-e519998c82ae","result":{}}[0m[0m
DEBUG 2020-07-01 20:04:49,976 connection.py send            98  [35m[35mSEND > {"id":"cc37f701-1b70-46af-875e-88b4ce8b547d","method":"App.addBinding","params":{"name":"onLivePlayerContextCreated"}}[0m[0m
DEBUG 2020-07-01 20:04:49,977 connection.py _on_message     134 [35m[35mRECV < {"id":"cc37f701-1b70-46af-875e-88b4ce8b547d","result":{}}[0m[0m
DEBUG 2020-07-01 20:04:49,978 connection.py send_async      107 [35m[35mASYNC_SEND > {"id": "9f624851-c285-4efe-9b3f-8c450845361f", "method": "App.callFunction", "params": {"functionDeclaration": "function () {\n global.minium = {}; var cac = wx.createAudioContext; Object.defineProperty(wx, \"createAudioContext\", { get() { return function (audioId, pageOptions) { onAudioContextCreated(audioId, pageOptions); global.minium.audioContext = null; audioContext = cac(audioId, pageOptions); global.minium.audioContext = audioContext; return audioContext } } }); var clpuc = wx.createLivePusherContext; Object.defineProperty(wx, \"createLivePusherContext\", { get() { return function () { onLivePusherContextCreated(); global.minium.livePusherContext = null; livePusherContext = clpuc(); global.minium.livePusherContext = livePusherContext; return livePusherContext } } }); var clplc = wx.createLivePlayerContext; Object.defineProperty(wx, \"createLivePlayerContext\", { get() { return function (playerId, pageOptions) { onLivePlayerContextCreated(playerId, pageOptions); global.minium.livePlayerContext = null; livePlayerContext = clplc(playerId, pageOptions); global.minium.livePlayerContext = livePlayerContext; return livePlayerContext } } });}", "args": []}}[0m[0m
DEBUG 2020-07-01 20:04:49,981 connection.py _on_message     134 [35m[35mRECV < {"id":"9f624851-c285-4efe-9b3f-8c450845361f","result":{}}[0m[0m
WARNI 2020-07-01 20:04:49,981 connection.py _on_message     145 [33m[33mreceived async msg: 9f624851-c285-4efe-9b3f-8c450845361f[0m[0m
DEBUG 2020-07-01 20:04:49,981 connection.py send            98  [35m[35mSEND > {"id":"723c363a-01d0-4528-bd36-82ac67f4f9ef","method":"App.addBinding","params":{"name":"onAppRouteDone"}}[0m[0m
DEBUG 2020-07-01 20:04:49,983 connection.py _on_message     134 [35m[35mRECV < {"id":"723c363a-01d0-4528-bd36-82ac67f4f9ef","result":{}}[0m[0m
DEBUG 2020-07-01 20:04:49,983 connection.py send_async      107 [35m[35mASYNC_SEND > {"id": "4d36ec05-345d-4689-8a35-b60f8f75572d", "method": "App.callFunction", "params": {"functionDeclaration": "function () {\n wx.onAppRouteDone(function (options) { onAppRouteDone(options) })}", "args": []}}[0m[0m
DEBUG 2020-07-01 20:04:49,984 connection.py send            98  [35m[35mSEND > {"id":"66284f52-86b0-4129-85cb-be483d042c7f","method":"App.enableLog","params":{}}[0m[0m
DEBUG 2020-07-01 20:04:49,991 connection.py _on_message     134 [35m[35mRECV < {"id":"4d36ec05-345d-4689-8a35-b60f8f75572d","result":{}}[0m[0m
WARNI 2020-07-01 20:04:49,992 connection.py _on_message     145 [33m[33mreceived async msg: 4d36ec05-345d-4689-8a35-b60f8f75572d[0m[0m
DEBUG 2020-07-01 20:04:49,992 connection.py _on_message     134 [35m[35mRECV < {"id":"66284f52-86b0-4129-85cb-be483d042c7f","result":{}}[0m[0m
DEBUG 2020-07-01 20:04:49,992 connection.py send            98  [35m[35mSEND > {"id":"8e713ebb-2d00-469c-a167-62563dd82ae9","method":"App.callWxMethod","params":{"method":"getSystemInfoSync","args":[]}}[0m[0m
DEBUG 2020-07-01 20:04:49,999 connection.py _on_message     132 [35m[35mRECV < {"id":"8e713ebb-2d00-469c-a167-62563dd82ae9","result":{"result":{"model":"iPhone 6/7/8","pixelRatio":2,"windowWidth":375,"windowHeight":603,"system":"iOS 10.0.1","language":"zh_CN","version":"7.0.4","screenWidth":375,"screenHeight":667,"SDKVersion":"2.9.2","brand":"devtools","fontSizeSetting":16,"benchmarkLevel":1,"batteryLevel":100,"statusBarHeight":20,"safeArea":{"right":375,"bottom":667,"left":0,"top":20,"width":375,"height":647},"deviceOrientation":"portrait","platform":"devtools","devicePixelRatio":...[0m[0m
DEBUG 2020-07-01 20:04:50,000 minitest.py setUp           80  [35m[35m=========Current caseï¼štest_screen_shot=========[0m[0m
INFO  2020-07-01 20:04:50,001 app.py     _relaunch       233 [32m[32mReLaunch: /pages/Index/Index[0m[0m
DEBUG 2020-07-01 20:04:50,001 connection.py send            98  [35m[35mSEND > {"id":"03872762-9f53-4950-93cf-ebf08308886d","method":"App.callWxMethod","params":{"method":"reLaunch","args":[{"url":"/pages/Index/Index"}]}}[0m[0m
DEBUG 2020-07-01 20:04:50,028 connection.py _on_message     134 [35m[35mRECV < {"id":"03872762-9f53-4950-93cf-ebf08308886d","result":{"result":{"errMsg":"reLaunch:ok"}}}[0m[0m
DEBUG 2020-07-01 20:04:50,265 connection.py _on_message     134 [35m[35mRECV < {"method":"App.bindingCalled","params":{"name":"onAppRouteDone","args":[{"webviewId":93,"path":"pages/Index/Index","query":{},"openType":"reLaunch"}]}}[0m[0m
INFO  2020-07-01 20:04:50,266 app.py     _on_route_changed 136 [32m[32mRoute changed, {'name': 'onAppRouteDone', 'args': [{'webviewId': 93, 'path': 'pages/Index/Index', 'query': {}, 'openType': 'reLaunch'}]}[0m[0m
DEBUG 2020-07-01 20:04:50,266 connection.py send            98  [35m[35mSEND > {"id":"95691174-0551-4c33-acff-84dac7712a14","method":"App.getCurrentPage","params":{}}[0m[0m
DEBUG 2020-07-01 20:04:50,266 connection.py _on_message     134 [35m[35mRECV < {"method":"App.bindingCalled","params":{"name":"onAppRouteDone","args":[{"webviewId":93,"path":"pages/Index/Index","query":{},"openType":"reLaunch"}]}}[0m[0m
INFO  2020-07-01 20:04:50,267 app.py     _on_route_changed 136 [32m[32mRoute changed, {'name': 'onAppRouteDone', 'args': [{'webviewId': 93, 'path': 'pages/Index/Index', 'query': {}, 'openType': 'reLaunch'}]}[0m[0m
DEBUG 2020-07-01 20:04:50,268 connection.py _on_message     134 [35m[35mRECV < {"method":"App.bindingCalled","params":{"name":"onAppRouteDone","args":[{"webviewId":93,"path":"pages/Index/Index","query":{},"openType":"reLaunch"}]}}[0m[0m
INFO  2020-07-01 20:04:50,268 app.py     _on_route_changed 136 [32m[32mRoute changed, {'name': 'onAppRouteDone', 'args': [{'webviewId': 93, 'path': 'pages/Index/Index', 'query': {}, 'openType': 'reLaunch'}]}[0m[0m
DEBUG 2020-07-01 20:04:50,268 connection.py _on_message     134 [35m[35mRECV < {"method":"App.bindingCalled","params":{"name":"onAppRouteDone","args":[{"webviewId":93,"path":"pages/Index/Index","query":{},"openType":"reLaunch"}]}}[0m[0m
INFO  2020-07-01 20:04:50,268 app.py     _on_route_changed 136 [32m[32mRoute changed, {'name': 'onAppRouteDone', 'args': [{'webviewId': 93, 'path': 'pages/Index/Index', 'query': {}, 'openType': 'reLaunch'}]}[0m[0m
DEBUG 2020-07-01 20:04:50,269 connection.py _on_message     134 [35m[35mRECV < {"method":"App.bindingCalled","params":{"name":"onAppRouteDone","args":[{"webviewId":93,"path":"pages/Index/Index","query":{},"openType":"reLaunch"}]}}[0m[0m
INFO  2020-07-01 20:04:50,269 app.py     _on_route_changed 136 [32m[32mRoute changed, {'name': 'onAppRouteDone', 'args': [{'webviewId': 93, 'path': 'pages/Index/Index', 'query': {}, 'openType': 'reLaunch'}]}[0m[0m
DEBUG 2020-07-01 20:04:50,269 connection.py _on_message     134 [35m[35mRECV < {"method":"App.bindingCalled","params":{"name":"onAppRouteDone","args":[{"webviewId":93,"path":"pages/Index/Index","query":{},"openType":"reLaunch"}]}}[0m[0m
INFO  2020-07-01 20:04:50,269 app.py     _on_route_changed 136 [32m[32mRoute changed, {'name': 'onAppRouteDone', 'args': [{'webviewId': 93, 'path': 'pages/Index/Index', 'query': {}, 'openType': 'reLaunch'}]}[0m[0m
DEBUG 2020-07-01 20:04:50,270 connection.py _on_message     134 [35m[35mRECV < {"method":"App.bindingCalled","params":{"name":"onAppRouteDone","args":[{"webviewId":93,"path":"pages/Index/Index","query":{},"openType":"reLaunch"}]}}[0m[0m
INFO  2020-07-01 20:04:50,270 app.py     _on_route_changed 136 [32m[32mRoute changed, {'name': 'onAppRouteDone', 'args': [{'webviewId': 93, 'path': 'pages/Index/Index', 'query': {}, 'openType': 'reLaunch'}]}[0m[0m
DEBUG 2020-07-01 20:04:50,270 connection.py _on_message     134 [35m[35mRECV < {"method":"App.bindingCalled","params":{"name":"onAppRouteDone","args":[{"webviewId":93,"path":"pages/Index/Index","query":{},"openType":"reLaunch"}]}}[0m[0m
INFO  2020-07-01 20:04:50,271 app.py     _on_route_changed 136 [32m[32mRoute changed, {'name': 'onAppRouteDone', 'args': [{'webviewId': 93, 'path': 'pages/Index/Index', 'query': {}, 'openType': 'reLaunch'}]}[0m[0m
DEBUG 2020-07-01 20:04:50,271 connection.py _on_message     134 [35m[35mRECV < {"id":"95691174-0551-4c33-acff-84dac7712a14","result":{"pageId":93,"path":"pages/Index/Index","query":{}}}[0m[0m
DEBUG 2020-07-01 20:04:51,275 connection.py send            98  [35m[35mSEND > {"id":"c9b82260-247e-403f-be98-1e6de124feae","method":"App.captureScreenshot","params":{}}[0m[0m
DEBUG 2020-07-01 20:04:51,278 connection.py _on_message     134 [35m[35mRECV < {"id":"c9b82260-247e-403f-be98-1e6de124feae","error":{"message":"appservice App.captureScreenshot unimplemented"}}[0m[0m
ERROR 2020-07-01 20:04:58,293 app.py     screen_shot     45  appservice App.captureScreenshot unimplemented
WARNI 2020-07-01 20:04:58,294 minitest.py capture         120 [33m[33m/Users/zaihui-105/PycharmProjects/test_wx_minium/outputs/20200701200443/test_screen_shot/20200701200450000534/images/200451274081.png not exists[0m[0m
DEBUG 2020-07-01 20:04:58,295 connection.py send            98  [35m[35mSEND > {"id":"6e664285-3f68-4a2b-a2d0-7aa97214bb6d","method":"App.callWxMethod","params":{"method":"switchTab","args":[{"url":"/pages/Mine/Mine"}]}}[0m[0m
DEBUG 2020-07-01 20:04:58,329 connection.py _on_message     134 [35m[35mRECV < {"id":"6e664285-3f68-4a2b-a2d0-7aa97214bb6d","result":{"result":{"errMsg":"switchTab:ok"}}}[0m[0m
DEBUG 2020-07-01 20:04:59,315 connection.py _on_message     134 [35m[35mRECV < {"method":"App.bindingCalled","params":{"name":"onAppRouteDone","args":[{"webviewId":94,"path":"pages/Mine/Mine","query":{},"openType":"switchTab"}]}}[0m[0m
INFO  2020-07-01 20:04:59,316 app.py     _on_route_changed 136 [32m[32mRoute changed, {'name': 'onAppRouteDone', 'args': [{'webviewId': 94, 'path': 'pages/Mine/Mine', 'query': {}, 'openType': 'switchTab'}]}[0m[0m
DEBUG 2020-07-01 20:04:59,317 connection.py send            98  [35m[35mSEND > {"id":"868e934e-e5e7-40ba-8142-5ec660d18543","method":"App.getCurrentPage","params":{}}[0m[0m
DEBUG 2020-07-01 20:04:59,317 connection.py _on_message     134 [35m[35mRECV < {"method":"App.bindingCalled","params":{"name":"onAppRouteDone","args":[{"webviewId":94,"path":"pages/Mine/Mine","query":{},"openType":"switchTab"}]}}[0m[0m
INFO  2020-07-01 20:04:59,318 app.py     _on_route_changed 136 [32m[32mRoute changed, {'name': 'onAppRouteDone', 'args': [{'webviewId': 94, 'path': 'pages/Mine/Mine', 'query': {}, 'openType': 'switchTab'}]}[0m[0m
DEBUG 2020-07-01 20:04:59,318 connection.py _on_message     134 [35m[35mRECV < {"method":"App.bindingCalled","params":{"name":"onAppRouteDone","args":[{"webviewId":94,"path":"pages/Mine/Mine","query":{},"openType":"switchTab"}]}}[0m[0m
INFO  2020-07-01 20:04:59,318 app.py     _on_route_changed 136 [32m[32mRoute changed, {'name': 'onAppRouteDone', 'args': [{'webviewId': 94, 'path': 'pages/Mine/Mine', 'query': {}, 'openType': 'switchTab'}]}[0m[0m
DEBUG 2020-07-01 20:04:59,318 connection.py _on_message     134 [35m[35mRECV < {"method":"App.bindingCalled","params":{"name":"onAppRouteDone","args":[{"webviewId":94,"path":"pages/Mine/Mine","query":{},"openType":"switchTab"}]}}[0m[0m
INFO  2020-07-01 20:04:59,318 app.py     _on_route_changed 136 [32m[32mRoute changed, {'name': 'onAppRouteDone', 'args': [{'webviewId': 94, 'path': 'pages/Mine/Mine', 'query': {}, 'openType': 'switchTab'}]}[0m[0m
DEBUG 2020-07-01 20:04:59,319 connection.py _on_message     134 [35m[35mRECV < {"method":"App.bindingCalled","params":{"name":"onAppRouteDone","args":[{"webviewId":94,"path":"pages/Mine/Mine","query":{},"openType":"switchTab"}]}}[0m[0m
INFO  2020-07-01 20:04:59,319 app.py     _on_route_changed 136 [32m[32mRoute changed, {'name': 'onAppRouteDone', 'args': [{'webviewId': 94, 'path': 'pages/Mine/Mine', 'query': {}, 'openType': 'switchTab'}]}[0m[0m
DEBUG 2020-07-01 20:04:59,319 connection.py _on_message     134 [35m[35mRECV < {"method":"App.bindingCalled","params":{"name":"onAppRouteDone","args":[{"webviewId":94,"path":"pages/Mine/Mine","query":{},"openType":"switchTab"}]}}[0m[0m
INFO  2020-07-01 20:04:59,319 app.py     _on_route_changed 136 [32m[32mRoute changed, {'name': 'onAppRouteDone', 'args': [{'webviewId': 94, 'path': 'pages/Mine/Mine', 'query': {}, 'openType': 'switchTab'}]}[0m[0m
DEBUG 2020-07-01 20:04:59,320 connection.py _on_message     134 [35m[35mRECV < {"method":"App.bindingCalled","params":{"name":"onAppRouteDone","args":[{"webviewId":94,"path":"pages/Mine/Mine","query":{},"openType":"switchTab"}]}}[0m[0m
INFO  2020-07-01 20:04:59,320 app.py     _on_route_changed 136 [32m[32mRoute changed, {'name': 'onAppRouteDone', 'args': [{'webviewId': 94, 'path': 'pages/Mine/Mine', 'query': {}, 'openType': 'switchTab'}]}[0m[0m
DEBUG 2020-07-01 20:04:59,321 connection.py _on_message     134 [35m[35mRECV < {"method":"App.bindingCalled","params":{"name":"onAppRouteDone","args":[{"webviewId":94,"path":"pages/Mine/Mine","query":{},"openType":"switchTab"}]}}[0m[0m
INFO  2020-07-01 20:04:59,321 app.py     _on_route_changed 136 [32m[32mRoute changed, {'name': 'onAppRouteDone', 'args': [{'webviewId': 94, 'path': 'pages/Mine/Mine', 'query': {}, 'openType': 'switchTab'}]}[0m[0m
DEBUG 2020-07-01 20:04:59,322 connection.py _on_message     134 [35m[35mRECV < {"id":"868e934e-e5e7-40ba-8142-5ec660d18543","result":{"pageId":94,"path":"pages/Mine/Mine","query":{}}}[0m[0m
DEBUG 2020-07-01 20:04:59,322 connection.py send            98  [35m[35mSEND > {"id":"e1161b78-1908-46f8-ad01-1cbf0abeaf64","method":"App.getCurrentPage","params":{}}[0m[0m
DEBUG 2020-07-01 20:04:59,326 connection.py _on_message     134 [35m[35mRECV < {"id":"e1161b78-1908-46f8-ad01-1cbf0abeaf64","result":{"pageId":94,"path":"pages/Mine/Mine","query":{}}}[0m[0m
DEBUG 2020-07-01 20:04:59,326 connection.py send            98  [35m[35mSEND > {"id":"62e782a8-77b0-4722-a5ac-73430bf67064","method":"App.captureScreenshot","params":{}}[0m[0m
DEBUG 2020-07-01 20:04:59,328 connection.py _on_message     134 [35m[35mRECV < {"id":"62e782a8-77b0-4722-a5ac-73430bf67064","error":{"message":"appservice App.captureScreenshot unimplemented"}}[0m[0m
ERROR 2020-07-01 20:04:59,331 app.py     screen_shot     45  appservice App.captureScreenshot unimplemented
DEBUG 2020-07-01 20:04:59,332 connection.py send            98  [35m[35mSEND > {"id":"752a1940-beb9-480b-8146-b7822fd6406e","method":"App.captureScreenshot","params":{}}[0m[0m
DEBUG 2020-07-01 20:04:59,340 connection.py _on_message     134 [35m[35mRECV < {"id":"752a1940-beb9-480b-8146-b7822fd6406e","error":{"message":"appservice App.captureScreenshot unimplemented"}}[0m[0m
ERROR 2020-07-01 20:04:59,344 app.py     screen_shot     45  appservice App.captureScreenshot unimplemented
WARNI 2020-07-01 20:04:59,344 minitest.py capture         120 [33m[33m/Users/zaihui-105/PycharmProjects/test_wx_minium/outputs/20200701200443/test_screen_shot/20200701200450000534/images/200459331960.png not exists[0m[0m
DEBUG 2020-07-01 20:04:59,345 connection.py send            98  [35m[35mSEND > {"id":"bc2e13ac-a1da-443a-8bb4-89461fd3d604","method":"App.getCurrentPage","params":{}}[0m[0m
DEBUG 2020-07-01 20:04:59,350 connection.py _on_message     134 [35m[35mRECV < {"id":"bc2e13ac-a1da-443a-8bb4-89461fd3d604","result":{"pageId":94,"path":"pages/Mine/Mine","query":{}}}[0m[0m
DEBUG 2020-07-01 20:04:59,351 connection.py send            98  [35m[35mSEND > {"id":"54d3fb69-6cf3-4e35-abdc-faaf705699fc","method":"Page.getData","params":{"pageId":94}}[0m[0m
DEBUG 2020-07-01 20:04:59,354 connection.py _on_message     132 [35m[35mRECV < {"id":"54d3fb69-6cf3-4e35-abdc-faaf705699fc","result":{"data":{"userStore":{"token":"eyJ0eXAiOiJKV1QiLCJhbGciOiJIUzI1NiJ9.eyJhdWQiOiJjIiwiZXhwIjoxNTk0MjA4ODI2LCJ1c2VyIjoiMzkxNjgzNjFkM2QzNGY1MDljMjhjMjNkNjRlNTYyNTAifQ.4r28xeLYq-QOeBsknodQlv7jWnTkmKCkCw2rdHbIb48","isBindPhone":true,"openid":"orXIL43d_Nvpn64BY3f1U36IAYnk","sessionKey":"K+R+NPVURM50Db+nSh7U1A==","shopNum":"QWERTYUIOP0001"},"cashStore":{"cashInfo":10767.83,"cashDetailList":[],"totalCount":999,"loading":false,"haveAccount":true,"pageSize":16},...[0m[0m
INFO  2020-07-01 20:05:09,488 session.py run             47  [32m[32mcase queue is empty, test complete, release None[0m[0m
